<?xml version="1.0" encoding="UTF-8"?>
<!-- Generated by org.testng.reporters.JUnitReportReporter -->
<testsuite hostname="Shafkats-MBP.fios-router.home" failures="0" tests="3" name="com.hrms.utils.dependencyTesting" time="0.009" errors="0" timestamp="28 Jan 2021 02:20:53 GMT">
  <testcase classname="com.hrms.utils.dependencyTesting" name="testSalutationMessage" time="0.001"/>
  <testcase classname="com.hrms.utils.dependencyTesting" name="initEnvironmentTest" time="0.007"/>
  <testcase classname="com.hrms.utils.dependencyTesting" name="testPrintMessage" time="0.001"/>
</testsuite> <!-- com.hrms.utils.dependencyTesting -->
