<?xml version="1.0" encoding="UTF-8"?>
<!-- Generated by org.testng.reporters.JUnitReportReporter -->
<testsuite hostname="Ilham" name="com.hrms.tests.TestingAnnotations" tests="2" failures="0" timestamp="25 Feb 2021 00:21:52 GMT" time="0.071" errors="0">
  <testcase name="testCase1" time="0.015" classname="com.hrms.tests.TestingAnnotations"/>
  <testcase name="testCase2" time="0.056" classname="com.hrms.tests.TestingAnnotations"/>
</testsuite> <!-- com.hrms.tests.TestingAnnotations -->
