<?xml version="1.0" encoding="UTF-8"?>
<!-- Generated by org.testng.reporters.JUnitReportReporter -->
<testsuite hostname="Shafkats-MBP.fios-router.home" failures="0" tests="2" name="com.hrms.tests.crossBrowserTesting_Batch5" time="0.347" errors="0" timestamp="24 Feb 2021 19:18:17 GMT">
  <testcase classname="com.hrms.tests.crossBrowserTesting_Batch5" name="login" time="0.069"/>
  <testcase classname="com.hrms.tests.crossBrowserTesting_Batch5" name="login" time="0.278"/>
</testsuite> <!-- com.hrms.tests.crossBrowserTesting_Batch5 -->
