<?xml version="1.0" encoding="UTF-8"?>
<!-- Generated by org.testng.reporters.JUnitReportReporter -->
<testsuite hostname="Shafkats-MBP.fios-router.home" failures="0" tests="3" name="com.hrms.tests.testNg_dataProviderTest" time="0.009" errors="0" timestamp="29 Jan 2021 00:28:32 GMT">
  <testcase classname="com.hrms.tests.testNg_dataProviderTest" name="myTest" time="0.001"/>
  <testcase classname="com.hrms.tests.testNg_dataProviderTest" name="myTest" time="0.007"/>
  <testcase classname="com.hrms.tests.testNg_dataProviderTest" name="myTest" time="0.001"/>
</testsuite> <!-- com.hrms.tests.testNg_dataProviderTest -->
