<?xml version="1.0" encoding="UTF-8"?>
<!-- Generated by org.testng.reporters.JUnitReportReporter -->
<testsuite hostname="Shafkats-MBP.fios-router.home" failures="0" tests="1" name="com.hrms.tests.loginTest" time="2.337" errors="0" timestamp="3 Feb 2021 01:25:01 GMT">
  <testcase classname="com.hrms.tests.loginTest" name="loginTest1" time="2.337"/>
</testsuite> <!-- com.hrms.tests.loginTest -->
