<?xml version="1.0" encoding="UTF-8"?>
<!-- Generated by org.testng.reporters.JUnitReportReporter -->
<testsuite hostname="Shafkats-MBP.fios-router.home" failures="0" tests="1" name="com.hrms.tests.nationalities_Tests" time="5.714" errors="0" timestamp="3 Feb 2021 02:34:31 GMT">
  <testcase classname="com.hrms.tests.nationalities_Tests" name="addNationality" time="5.714"/>
</testsuite> <!-- com.hrms.tests.nationalities_Tests -->
