<?xml version="1.0" encoding="UTF-8"?>
<!-- Generated by org.testng.reporters.JUnitReportReporter -->
<testsuite hostname="Shafkats-MBP.fios-router.home" failures="0" tests="3" name="com.hrms.tests.parallalTestingTestNG" time="23.642" errors="0" timestamp="29 Jan 2021 01:32:26 GMT">
  <testcase classname="com.hrms.tests.parallalTestingTestNG" name="fireFoxHeadlressDriver" time="7.969"/>
  <testcase classname="com.hrms.tests.parallalTestingTestNG" name="FirefoxTest" time="8.829"/>
  <testcase classname="com.hrms.tests.parallalTestingTestNG" name="ChromeTest" time="6.844"/>
</testsuite> <!-- com.hrms.tests.parallalTestingTestNG -->
