<?xml version="1.0" encoding="UTF-8"?>
<!-- Generated by org.testng.reporters.JUnitReportReporter -->
<testsuite hostname="Ilham" name="com.hrms.tests.openBrowser" tests="1" failures="0" timestamp="25 Feb 2021 00:21:52 GMT" time="15.325" errors="0">
  <testcase name="test1" time="15.325" classname="com.hrms.tests.openBrowser"/>
</testsuite> <!-- com.hrms.tests.openBrowser -->
